
RAxML-NG v. 1.2.2 released on 11.04.2024 by The Exelixis Lab.
Developed by: Alexey M. Kozlov and Alexandros Stamatakis.
Contributors: Diego Darriba, Tomas Flouri, Benoit Morel, Sarah Lutteropp, Ben Bettisworth, Julia Haag, Anastasis Togkousidis.
Latest version: https://github.com/amkozlov/raxml-ng
Questions/problems/suggestions? Please visit: https://groups.google.com/forum/#!forum/raxml

System: AMD Ryzen Threadripper PRO 5975WX 32-Cores, 32 cores, 503 GB RAM

RAxML-NG was called at 23-Jul-2025 14:45:46 as follows:

raxml-ng --msa shrunk.aln --tree pars{1} --model GTR+G --threads 1 --seed 2 --prefix RUN --lh-epsilon 0.5

Analysis options:
  run mode: ML tree search
  start tree(s): parsimony (1)
  random seed: 2
  tip-inner: OFF
  pattern compression: ON
  per-rate scalers: OFF
  site repeats: ON
  logLH epsilon: general: 0.500000, brlen-triplet: 1000.000000
  fast spr radius: AUTO
  spr subtree cutoff: 1.000000
  fast CLV updates: ON
  branch lengths: proportional (ML estimate, algorithm: NR-FAST)
  SIMD kernels: AVX2
  parallelization: coarse-grained (auto), NONE/sequential

[00:00:00] Reading alignment from file: shrunk.aln
[00:00:00] Loaded alignment with 194 taxa and 1262 sites

Alignment comprises 1 partitions and 950 patterns

Partition 0: noname
Model: GTR+FO+G4m
Alignment sites / patterns: 1262 / 950
Gaps: 52.09 %
Invariant sites: 32.33 %


NOTE: Binary MSA file created: RUN.raxml.rba

Parallelization scheme autoconfig: 1 worker(s) x 1 thread(s)

[00:00:00] Generating 1 parsimony starting tree(s) with 194 taxa
Parallel reduction/worker buffer size: 1 KB  / 0 KB

[00:00:00] Data distribution: max. partitions/sites/weight per thread: 1 / 950 / 15200
[00:00:00] Data distribution: max. searches per worker: 1

Starting ML tree search with 1 distinct starting trees

[00:00:00 -30195.631102] Initial branch length optimization
[00:00:00 -24763.609984] Model parameter optimization (eps = 10.000000)
[00:00:01 -23832.112943] AUTODETECT spr round 1 (radius: 5)
[00:00:04 -23718.516422] AUTODETECT spr round 2 (radius: 10)
[00:00:11 -23718.489510] SPR radius for FAST iterations: 5 (autodetect)
[00:00:11 -23718.489510] Model parameter optimization (eps = 3.000000)
[00:00:11 -23717.791667] FAST spr round 1 (radius: 5)
[00:00:13 -23711.349395] FAST spr round 2 (radius: 5)
[00:00:15 -23709.203394] FAST spr round 3 (radius: 5)
[00:00:16 -23709.203164] Model parameter optimization (eps = 1.000000)
[00:00:16 -23709.092519] SLOW spr round 1 (radius: 5)
[00:00:22 -23707.634793] SLOW spr round 2 (radius: 5)
[00:00:27 -23707.634758] SLOW spr round 3 (radius: 10)
[00:00:33 -23707.634756] SLOW spr round 4 (radius: 15)
[00:00:47 -23707.634754] SLOW spr round 5 (radius: 20)
[00:01:01 -23707.634751] SLOW spr round 6 (radius: 25)
[00:01:05 -23707.634749] Model parameter optimization (eps = 0.100000)

[00:01:05] ML tree search #1, logLikelihood: -23707.611365


Optimized model parameters:

   Partition 0: noname
   Rate heterogeneity: GAMMA (4 cats, mean),  alpha: 0.585647 (ML),  weights&rates: (0.250000,0.050162) (0.250000,0.304199) (0.250000,0.873816) (0.250000,2.771823) 
   Base frequencies (ML): 0.262879 0.184204 0.213895 0.339022 
   Substitution rates (ML): 1.342595 3.525772 1.556951 0.700043 4.561879 1.000000 


Final LogLikelihood: -23707.611365

AIC score: 48203.222731 / AICc score: 48562.230805 / BIC score: 50228.561230
Free parameters (model + branch lengths): 394

WARNING: Best ML tree contains 29 near-zero branches!

Best ML tree with collapsed near-zero branches saved to: /tmp/processmarkerM8XeRx/2/RUN.raxml.bestTreeCollapsed
Best ML tree saved to: /tmp/processmarkerM8XeRx/2/RUN.raxml.bestTree
Optimized model saved to: /tmp/processmarkerM8XeRx/2/RUN.raxml.bestModel

Execution log saved to: /tmp/processmarkerM8XeRx/2/RUN.raxml.log

Analysis started: 23-Jul-2025 14:45:46 / finished: 23-Jul-2025 14:46:51

Elapsed time: 65.440 seconds

